<html>
<body>
<pre>
<h1>µVision Build Log</h1>
<h2>Project:</h2>
D:\ARM Projects\Software_Timer_RTOS\MDK-ARM\Software_Timer_RTOS.uvproj
Project File Date:  09/15/2024

<h2>Output:</h2>
Build target 'Software_Timer_RTOS'
compiling main.c...
compiling gpio.c...
compiling freertos.c...
compiling stm32f4xx_it.c...
compiling stm32f4xx_hal_msp.c...
compiling stm32f4xx_hal_timebase_tim.c...
compiling stm32f4xx_hal_rcc.c...
compiling stm32f4xx_hal_rcc_ex.c...
compiling stm32f4xx_hal_flash.c...
compiling stm32f4xx_hal_flash_ex.c...
compiling stm32f4xx_hal_flash_ramfunc.c...
compiling stm32f4xx_hal_gpio.c...
compiling stm32f4xx_hal_dma_ex.c...
compiling stm32f4xx_hal_dma.c...
compiling stm32f4xx_hal_pwr.c...
compiling stm32f4xx_hal_pwr_ex.c...
compiling stm32f4xx_hal_cortex.c...
compiling stm32f4xx_hal.c...
compiling stm32f4xx_hal_exti.c...
compiling stm32f4xx_hal_tim.c...
compiling stm32f4xx_hal_tim_ex.c...
compiling system_stm32f4xx.c...
compiling croutine.c...
compiling event_groups.c...
compiling list.c...
compiling queue.c...
compiling stream_buffer.c...
compiling tasks.c...
compiling timers.c...
compiling cmsis_os2.c...
compiling heap_4.c...
compiling port.c...
linking...
Program Size: Code=10764 RO-data=560 RW-data=164 ZI-data=20348  
FromELF: creating hex file...
"Software_Timer_RTOS\Software_Timer_RTOS.axf" - 0 Error(s), 0 Warning(s).
ffer.c...
compiling tasks.c...
compiling timers.c...
compiling cmsis_os2.c...
compiling heap_4.c...
compiling port.c...
"Software_Timer_RTOS\Software_Timer_RTOS.axf" - 2 Error(s), 0 Warning(s).
Target not created
MyTimerOne_CallbackVar" is undefined
     MyTimerOne_CallbackVar ^= (1<<0);
../Core/Src/freertos.c(170): error:  #20: identifier "MyTimerTwo_CallbackVar" is undefined
     MyTimerTwo_CallbackVar ^= (1<<0);
../Core/Src/freertos.c(177): error:  #20: identifier "TimerHandle_t" is undefined
  void MyTimer_Callback(TimerHandle_t xTimer){
../Core/Src/freertos.c: 1 warning, 8 errors
compiling stm32f4xx_it.c...
compiling stm32f4xx_hal_msp.c...
compiling stm32f4xx_hal_timebase_tim.c...
compiling stm32f4xx_hal_rcc.c...
compiling stm32f4xx_hal_rcc_ex.c...
compiling stm32f4xx_hal_flash.c...
compiling stm32f4xx_hal_flash_ex.c...
compiling stm32f4xx_hal_flash_ramfunc.c...
compiling stm32f4xx_hal_gpio.c...
compiling stm32f4xx_hal_dma_ex.c...
compiling stm32f4xx_hal_dma.c...
compiling stm32f4xx_hal_pwr.c...
compiling stm32f4xx_hal_pwr_ex.c...
compiling stm32f4xx_hal_cortex.c...
compiling stm32f4xx_hal.c...
compiling stm32f4xx_hal_exti.c...
compiling stm32f4xx_hal_tim.c...
compiling stm32f4xx_hal_tim_ex.c...
compiling system_stm32f4xx.c...
compiling croutine.c...
compiling event_groups.c...
compiling list.c...
compiling queue.c...
compiling stream_buffer.c...
compiling tasks.c...
compiling timers.c...
compiling cmsis_os2.c...
compiling heap_4.c...
compiling port.c...
"Software_Timer_RTOS\Software_Timer_RTOS.axf" - 8 Error(s), 1 Warning(s).
Target not created
